0 info it worked if it ends with ok
1 verbose cli [ '/home/steven/.nvm/versions/node/v4.3.2/bin/node',
1 verbose cli   '/home/steven/.nvm/versions/node/v4.3.2/bin/npm',
1 verbose cli   'version',
1 verbose cli   'patch' ]
2 info using npm@2.14.12
3 info using node@v4.3.2
4 info git [ 'status', '--porcelain' ]
5 verbose stack Error: Git working directory not clean.
5 verbose stack D npm-debug.log
5 verbose stack     at /home/steven/.nvm/versions/node/v4.3.2/lib/node_modules/npm/lib/version.js:171:21
5 verbose stack     at ChildProcess.exithandler (child_process.js:204:7)
5 verbose stack     at emitTwo (events.js:87:13)
5 verbose stack     at ChildProcess.emit (events.js:172:7)
5 verbose stack     at maybeClose (internal/child_process.js:821:16)
5 verbose stack     at Process.ChildProcess._handle.onexit (internal/child_process.js:211:5)
6 verbose cwd /home/steven/onlineGit/play
7 error Linux 2.6.32-431.23.3.el6.x86_64
8 error argv "/home/steven/.nvm/versions/node/v4.3.2/bin/node" "/home/steven/.nvm/versions/node/v4.3.2/bin/npm" "version" "patch"
9 error node v4.3.2
10 error npm  v2.14.12
11 error Git working directory not clean.
11 error D npm-debug.log
12 error If you need help, you may report this error at:
12 error     <https://github.com/npm/npm/issues>
13 verbose exit [ 1, true ]
